<?xml version="1.0" encoding="UTF-8"?>
<testsuite xmlns:xsi="http://www.w3.org/2001/XMLSchema-instance" xsi:noNamespaceSchemaLocation="https://maven.apache.org/surefire/maven-surefire-plugin/xsd/surefire-test-report.xsd" name="cps3230.assignment.task_two.TestRunner" time="178.506" tests="10" errors="0" skipped="0" failures="2">
  <properties>
[...]
</properties>
  <testcase name="Valid Login" classname="MarketAlertUM website" time="4.272"/>
  <testcase name="Invalid Login" classname="MarketAlertUM website" time="3.23"/>
  <testcase name="Alert layout" classname="MarketAlertUM website" time="23.109"/>
  <testcase name="Alert limit" classname="MarketAlertUM website" time="21.923"/>
  <testcase name="Icon check #1" classname="MarketAlertUM website" time="20.889"/>
  <testcase name="Icon check #2" classname="MarketAlertUM website" time="21.384"/>
  <testcase name="Icon check #3" classname="MarketAlertUM website" time="20.692">
    <failure message="expected: &lt;icon-property-rent.png&gt; but was: &lt;icon-property-rent.jpg&gt;" type="org.opentest4j.AssertionFailedError"><![CDATA[org.opentest4j.AssertionFailedError: expected: <icon-property-rent.png> but was: <icon-property-rent.jpg>
]]></failure>
    <system-out><![CDATA[alertType: 3
Heading: Apple Leather Case Magsafe Black iPhone 12 Pro Max
Description: Designed by Apple to complement 12 Pro Max, the Leather Case with MagSafe is a delightful way to give your iPhone extra protection while adding style.
url: https://lava.mt/product/apple-leather-case-magsafe-black-iphone-12-pro-max/
imageUrl: https://lava.mt/wp-content/uploads/2021/03/Apple-Leather-Case-Magsafe-Black-iPhone-12-Pro-Max.jpg.webp
postedBy: 31a7cb0e-e0e5-4a05-9351-c074815f7b8a
priceInCents: 6500
]]></system-out>
    <system-err><![CDATA[Starting ChromeDriver 106.0.5249.61 (511755355844955cd3e264779baf0dd38212a4d0-refs/branch-heads/5249@{#569}) on port 64769
Only local connections are allowed.
Please see https://chromedriver.chromium.org/security-considerations for suggestions on keeping ChromeDriver safe.
ChromeDriver was started successfully.
[1668523180.824][WARNING]: This version of ChromeDriver has not been tested with Chrome version 107.
Nov 15, 2022 3:39:40 PM org.openqa.selenium.remote.ProtocolHandshake createSession
INFO: Detected upstream dialect: W3C
Nov 15, 2022 3:39:40 PM org.openqa.selenium.devtools.CdpVersionFinder findNearestMatch
WARNING: Unable to find an exact match for CDP version 107, so returning the closest version found: 106
Nov 15, 2022 3:39:40 PM org.openqa.selenium.devtools.CdpVersionFinder findNearestMatch
INFO: Found CDP implementation for version 107 of 106
Starting ChromeDriver 106.0.5249.61 (511755355844955cd3e264779baf0dd38212a4d0-refs/branch-heads/5249@{#569}) on port 60540
Only local connections are allowed.
Please see https://chromedriver.chromium.org/security-considerations for suggestions on keeping ChromeDriver safe.
ChromeDriver was started successfully.
[1668523198.162][WARNING]: This version of ChromeDriver has not been tested with Chrome version 107.
Nov 15, 2022 3:39:58 PM org.openqa.selenium.remote.ProtocolHandshake createSession
INFO: Detected upstream dialect: W3C
Nov 15, 2022 3:39:58 PM org.openqa.selenium.devtools.CdpVersionFinder findNearestMatch
WARNING: Unable to find an exact match for CDP version 107, so returning the closest version found: 106
Nov 15, 2022 3:39:58 PM org.openqa.selenium.devtools.CdpVersionFinder findNearestMatch
INFO: Found CDP implementation for version 107 of 106
]]></system-err>
  </testcase>
  <testcase name="Icon check #4" classname="MarketAlertUM website" time="21.953">
    <failure message="expected: &lt;icon-property-sale.png&gt; but was: &lt;icon-property-sale.jpg&gt;" type="org.opentest4j.AssertionFailedError"><![CDATA[org.opentest4j.AssertionFailedError: expected: <icon-property-sale.png> but was: <icon-property-sale.jpg>
]]></failure>
    <system-out><![CDATA[alertType: 4
Heading: Apple Leather Case Magsafe Black iPhone 12 Pro Max
Description: Designed by Apple to complement 12 Pro Max, the Leather Case with MagSafe is a delightful way to give your iPhone extra protection while adding style.
url: https://lava.mt/product/apple-leather-case-magsafe-black-iphone-12-pro-max/
imageUrl: https://lava.mt/wp-content/uploads/2021/03/Apple-Leather-Case-Magsafe-Black-iPhone-12-Pro-Max.jpg.webp
postedBy: 31a7cb0e-e0e5-4a05-9351-c074815f7b8a
priceInCents: 6500
]]></system-out>
    <system-err><![CDATA[Starting ChromeDriver 106.0.5249.61 (511755355844955cd3e264779baf0dd38212a4d0-refs/branch-heads/5249@{#569}) on port 60642
Only local connections are allowed.
Please see https://chromedriver.chromium.org/security-considerations for suggestions on keeping ChromeDriver safe.
ChromeDriver was started successfully.
[1668523201.484][WARNING]: This version of ChromeDriver has not been tested with Chrome version 107.
Nov 15, 2022 3:40:01 PM org.openqa.selenium.remote.ProtocolHandshake createSession
INFO: Detected upstream dialect: W3C
Nov 15, 2022 3:40:01 PM org.openqa.selenium.devtools.CdpVersionFinder findNearestMatch
WARNING: Unable to find an exact match for CDP version 107, so returning the closest version found: 106
Nov 15, 2022 3:40:01 PM org.openqa.selenium.devtools.CdpVersionFinder findNearestMatch
INFO: Found CDP implementation for version 107 of 106
Starting ChromeDriver 106.0.5249.61 (511755355844955cd3e264779baf0dd38212a4d0-refs/branch-heads/5249@{#569}) on port 65289
Only local connections are allowed.
Please see https://chromedriver.chromium.org/security-considerations for suggestions on keeping ChromeDriver safe.
ChromeDriver was started successfully.
[1668523219.554][WARNING]: This version of ChromeDriver has not been tested with Chrome version 107.
Nov 15, 2022 3:40:19 PM org.openqa.selenium.remote.ProtocolHandshake createSession
INFO: Detected upstream dialect: W3C
Nov 15, 2022 3:40:19 PM org.openqa.selenium.devtools.CdpVersionFinder findNearestMatch
WARNING: Unable to find an exact match for CDP version 107, so returning the closest version found: 106
Nov 15, 2022 3:40:19 PM org.openqa.selenium.devtools.CdpVersionFinder findNearestMatch
INFO: Found CDP implementation for version 107 of 106
]]></system-err>
  </testcase>
  <testcase name="Icon check #5" classname="MarketAlertUM website" time="20.712"/>
  <testcase name="Icon check #6" classname="MarketAlertUM website" time="19.721"/>
</testsuite>